<?xml version="1.0" encoding="UTF-8"?>
<testsuite xmlns:xsi="http://www.w3.org/2001/XMLSchema-instance" xsi:noNamespaceSchemaLocation="https://maven.apache.org/surefire/maven-surefire-plugin/xsd/surefire-test-report-3.0.xsd" version="3.0" name="TestSuite" time="17.308" tests="2" errors="0" skipped="0" failures="0">
  <properties>
[...]
</properties>
  <testcase name="runScenario[&quot;verify the search functionality of the webapplication&quot;, &quot;Title of your feature&quot;](1)" classname="testrunner.TestRun" time="15.751">
    <system-out><![CDATA[2024-12-10 12:20:24,249 [TestNG-PoolService-2] INFO  Hooks - Extent reporting initialized for scenario: 
2024-12-10 12:20:24,249 [TestNG-PoolService-1] INFO  Hooks - Extent reporting initialized for scenario: 
2024-12-10 12:20:33,091 [TestNG-PoolService-2] INFO  HomePage - Entered the text in search field
2024-12-10 12:20:33,268 [TestNG-PoolService-1] INFO  HomePage - Entered the text in search field
2024-12-10 12:20:33,805 [TestNG-PoolService-1] INFO  HomePage - clicked search button
2024-12-10 12:20:33,874 [TestNG-PoolService-1] INFO  HomePage - Looking for the productname
2024-12-10 12:20:33,971 [TestNG-PoolService-2] INFO  HomePage - Clicked on add to cart
2024-12-10 12:20:34,075 [TestNG-PoolService-2] INFO  HomePage - Looking for the productname
2024-12-10 12:20:34,390 [TestNG-PoolService-2] INFO  HomePage - Clicked on cart button
2024-12-10 12:20:34,561 [TestNG-PoolService-2] INFO  HomePage - Tomato
]]></system-out>
    <system-err><![CDATA[SLF4J: Failed to load class "org.slf4j.impl.StaticLoggerBinder".
SLF4J: Defaulting to no-operation (NOP) logger implementation
SLF4J: See http://www.slf4j.org/codes.html#StaticLoggerBinder for further details.
Dec 10, 2024 12:20:28 PM org.openqa.selenium.devtools.CdpVersionFinder findNearestMatch
WARNING: Unable to find an exact match for CDP version 131, returning the closest version; found: 130; Please update to a Selenium version that supports CDP version 131
Dec 10, 2024 12:20:28 PM org.openqa.selenium.devtools.CdpVersionFinder findNearestMatch
WARNING: Unable to find an exact match for CDP version 131, returning the closest version; found: 130; Please update to a Selenium version that supports CDP version 131
]]></system-err>
  </testcase>
  <testcase name="runScenario[&quot;verify add to cart functionality of the webapplication&quot;, &quot;Title of your feature&quot;](2)" classname="testrunner.TestRun" time="15.756"/>
</testsuite>